6512 0	rec	00420190126ESWSZ
53364 0	rec	1C2076736E3D02B6
5819 0	rec	2317802D812F5FBD
6986 0	sidebar	00420191112BETT6
  15 0,6	rec	00020181127K38UF
10142 0,7	follow	006201811270O2MV
   1 0,7	new_follow	00020181127K38UF
 647 0,7	search	00020181127K38UF
 750 1		
 694 2		
  36 2	rec	002201807020ZC7Y
 107 2	rec	00220180702J49HM
 122 2	rec	00220180702P56T4
 216 2	rec	00220180702YH5JW
  25 2	rec	002201807040IEM2
  34 2	rec	002201807041E223
 146 2	rec	002201807041H3ZM
 156 2	rec	0022018070438PR4
  80 2	rec	002201807044F09B
  30 2	rec	002201807046BSOI
 102 2	rec	00220180704763LP
 102 2	rec	0022018070487NTR
  95 2	rec	002201807048HJWY
  77 2	rec	00220180704CB55C
  27 2	rec	00220180704COC8S
 149 2	rec	00220180704FFY73
 122 2	rec	00220180704FYY9X
  29 2	rec	00220180704HWBV6
  26 2	rec	00220180704IAS65
  24 2	rec	00220180704IOMWB
 101 2	rec	00220180704JL4AO
  51 2	rec	00220180704JX2LR
 108 2	rec	00220180704KFQN4
  70 2	rec	00220180704L4RXB
 150 2	rec	00220180704LPLNL
 130 2	rec	00220180704N9U28
 128 2	rec	00220180704ON69I
 117 2	rec	00220180704PTO9P
 123 2	rec	00220180704RHNRA
  49 2	rec	00220180704RKRGZ
  32 2	rec	00220180704S73R7
  25 2	rec	00220180704VQSXP
  45 2	rec	00220180704WFPEV
  31 2	rec	00220180704WTX02
 132 2	rec	00220180704WWFEV
  71 2	rec	00220180704ZVWKW
  22 2	rec	002201807272P1TX
  24 2	rec	002201811232J0BT
  26 2	rec	00220181123GXF4X
  24 2	rec	00220181123WF6ZO
  24 2	rec	00220181123YU5OZ
 129 2	rec	0022019040215CT2
1172 2	rec	00420181120M6235
 689 4		
  12 4	rec	00420180912E67WQ
 656 4	rec	00420181109JLL1N
 129 4	rec	00420190102COV14
   1 4	rec	00420190102LZDM9
 247 4	rec	00420190102SU0IO
 125 4	rec	00420190102Z67U0
1199 4	rec	004201901250UJPK
1195 4	rec	004201901252IS2O
1274 4	rec	00420190125E5XMS
 612 4	rec	00420190125O5RNR
1213 4	rec	00420190126ESWSZ
   2 4	rec	00420190328EPE8U
 114 4	rec	00420190404S69ZL
 654 4	rec	004201907029W2SM
  10 4	rec	00420190702M5WFR
 801 4	rec	00420190724SWNUZ
   7 4	rec	00420190726M118B
 131 4	rec	0042019073107732
 105 4	rec	0042019082729YWQ
 119 4	rec	0042019082767VGE
 119 4	rec	00420190827H5MPG
 110 4	rec	00420190827JWXZO
 126 4	rec	00420190827QXZO0
 130 4	rec	00420190827T5MBA
 125 4	rec	00420190827YCLSR
   9 4	rec	00420190906KLZT2
 105 4	rec	004201909179110J
6660 4	rec	004201909183MQTW
  95 4	rec	004201910188R8IA
 107 4	rec	004201910189EFUS
 124 4	rec	00420191018BSU35
 110 4	rec	00420191018H6L3W
 126 4	rec	00420191018NJZYJ
 107 4	rec	00420191018P4B1F
 114 4	rec	00420191018Y2XU5
1033 4	rec	03FF96A6E88E36F4
 377 4	rec	1186ECC481EA2C62
1434 4	rec	411F2448D92E4317
 748 4	rec	4319E9E158E2CA3C
19081 4	rec	62F3CD3ACF8347C9
 764 4	rec	70B3E8C2C645A0EC
 944 4	rec	74F32E9728E43423
 750 4	rec	AFCC0BC263924F20
  58 4	rec	C525BBBD13CC6BEE
 123 4	rec	D3966FCBA260AFAC
   1 4	rec	EB0BDF9161F351C4
   3 5	rec	3E80C60313626C3F
 686 8		
   1 PASS
   1 ok  	learning/file	2.840s
